<?xml version="1.0" encoding="UTF-8"?>
<testsuite xmlns:xsi="http://www.w3.org/2001/XMLSchema-instance" xsi:noNamespaceSchemaLocation="https://maven.apache.org/surefire/maven-surefire-plugin/xsd/surefire-test-report.xsd" name="ws18.CucumberTest" time="0.781" tests="4" errors="0" skipped="1" failures="1">
  <properties>
    <property name="sun.desktop" value="gnome"/>
    <property name="awt.toolkit" value="sun.awt.X11.XToolkit"/>
    <property name="java.specification.version" value="11"/>
    <property name="sun.cpu.isalist" value=""/>
    <property name="sun.jnu.encoding" value="UTF-8"/>
    <property name="java.class.path" value="/home/oliver/IdeaProjects/SystemTests/target/test-classes:/home/oliver/IdeaProjects/SystemTests/target/classes:/home/oliver/.m2/repository/org/springframework/boot/spring-boot-starter-web/2.2.2.RELEASE/spring-boot-starter-web-2.2.2.RELEASE.jar:/home/oliver/.m2/repository/org/springframework/boot/spring-boot-starter/2.2.2.RELEASE/spring-boot-starter-2.2.2.RELEASE.jar:/home/oliver/.m2/repository/org/springframework/boot/spring-boot/2.2.2.RELEASE/spring-boot-2.2.2.RELEASE.jar:/home/oliver/.m2/repository/org/springframework/boot/spring-boot-autoconfigure/2.2.2.RELEASE/spring-boot-autoconfigure-2.2.2.RELEASE.jar:/home/oliver/.m2/repository/org/springframework/boot/spring-boot-starter-logging/2.2.2.RELEASE/spring-boot-starter-logging-2.2.2.RELEASE.jar:/home/oliver/.m2/repository/ch/qos/logback/logback-classic/1.2.3/logback-classic-1.2.3.jar:/home/oliver/.m2/repository/ch/qos/logback/logback-core/1.2.3/logback-core-1.2.3.jar:/home/oliver/.m2/repository/org/apache/logging/log4j/log4j-to-slf4j/2.12.1/log4j-to-slf4j-2.12.1.jar:/home/oliver/.m2/repository/org/apache/logging/log4j/log4j-api/2.12.1/log4j-api-2.12.1.jar:/home/oliver/.m2/repository/org/slf4j/jul-to-slf4j/1.7.29/jul-to-slf4j-1.7.29.jar:/home/oliver/.m2/repository/jakarta/annotation/jakarta.annotation-api/1.3.5/jakarta.annotation-api-1.3.5.jar:/home/oliver/.m2/repository/org/yaml/snakeyaml/1.25/snakeyaml-1.25.jar:/home/oliver/.m2/repository/org/springframework/boot/spring-boot-starter-json/2.2.2.RELEASE/spring-boot-starter-json-2.2.2.RELEASE.jar:/home/oliver/.m2/repository/com/fasterxml/jackson/core/jackson-databind/2.10.1/jackson-databind-2.10.1.jar:/home/oliver/.m2/repository/com/fasterxml/jackson/core/jackson-annotations/2.10.1/jackson-annotations-2.10.1.jar:/home/oliver/.m2/repository/com/fasterxml/jackson/core/jackson-core/2.10.1/jackson-core-2.10.1.jar:/home/oliver/.m2/repository/com/fasterxml/jackson/datatype/jackson-datatype-jdk8/2.10.1/jackson-datatype-jdk8-2.10.1.jar:/home/oliver/.m2/repository/com/fasterxml/jackson/datatype/jackson-datatype-jsr310/2.10.1/jackson-datatype-jsr310-2.10.1.jar:/home/oliver/.m2/repository/com/fasterxml/jackson/module/jackson-module-parameter-names/2.10.1/jackson-module-parameter-names-2.10.1.jar:/home/oliver/.m2/repository/org/springframework/boot/spring-boot-starter-tomcat/2.2.2.RELEASE/spring-boot-starter-tomcat-2.2.2.RELEASE.jar:/home/oliver/.m2/repository/org/apache/tomcat/embed/tomcat-embed-core/9.0.29/tomcat-embed-core-9.0.29.jar:/home/oliver/.m2/repository/org/apache/tomcat/embed/tomcat-embed-el/9.0.29/tomcat-embed-el-9.0.29.jar:/home/oliver/.m2/repository/org/apache/tomcat/embed/tomcat-embed-websocket/9.0.29/tomcat-embed-websocket-9.0.29.jar:/home/oliver/.m2/repository/org/springframework/boot/spring-boot-starter-validation/2.2.2.RELEASE/spring-boot-starter-validation-2.2.2.RELEASE.jar:/home/oliver/.m2/repository/jakarta/validation/jakarta.validation-api/2.0.1/jakarta.validation-api-2.0.1.jar:/home/oliver/.m2/repository/org/hibernate/validator/hibernate-validator/6.0.18.Final/hibernate-validator-6.0.18.Final.jar:/home/oliver/.m2/repository/org/jboss/logging/jboss-logging/3.4.1.Final/jboss-logging-3.4.1.Final.jar:/home/oliver/.m2/repository/com/fasterxml/classmate/1.5.1/classmate-1.5.1.jar:/home/oliver/.m2/repository/org/springframework/spring-web/5.2.2.RELEASE/spring-web-5.2.2.RELEASE.jar:/home/oliver/.m2/repository/org/springframework/spring-beans/5.2.2.RELEASE/spring-beans-5.2.2.RELEASE.jar:/home/oliver/.m2/repository/org/springframework/spring-webmvc/5.2.2.RELEASE/spring-webmvc-5.2.2.RELEASE.jar:/home/oliver/.m2/repository/org/springframework/spring-aop/5.2.2.RELEASE/spring-aop-5.2.2.RELEASE.jar:/home/oliver/.m2/repository/org/springframework/spring-context/5.2.2.RELEASE/spring-context-5.2.2.RELEASE.jar:/home/oliver/.m2/repository/org/springframework/spring-expression/5.2.2.RELEASE/spring-expression-5.2.2.RELEASE.jar:/home/oliver/.m2/repository/org/projectlombok/lombok/1.18.10/lombok-1.18.10.jar:/home/oliver/.m2/repository/org/springframework/boot/spring-boot-starter-test/2.2.2.RELEASE/spring-boot-starter-test-2.2.2.RELEASE.jar:/home/oliver/.m2/repository/org/springframework/boot/spring-boot-test/2.2.2.RELEASE/spring-boot-test-2.2.2.RELEASE.jar:/home/oliver/.m2/repository/org/springframework/boot/spring-boot-test-autoconfigure/2.2.2.RELEASE/spring-boot-test-autoconfigure-2.2.2.RELEASE.jar:/home/oliver/.m2/repository/com/jayway/jsonpath/json-path/2.4.0/json-path-2.4.0.jar:/home/oliver/.m2/repository/net/minidev/json-smart/2.3/json-smart-2.3.jar:/home/oliver/.m2/repository/net/minidev/accessors-smart/1.2/accessors-smart-1.2.jar:/home/oliver/.m2/repository/org/ow2/asm/asm/5.0.4/asm-5.0.4.jar:/home/oliver/.m2/repository/org/slf4j/slf4j-api/1.7.29/slf4j-api-1.7.29.jar:/home/oliver/.m2/repository/jakarta/xml/bind/jakarta.xml.bind-api/2.3.2/jakarta.xml.bind-api-2.3.2.jar:/home/oliver/.m2/repository/jakarta/activation/jakarta.activation-api/1.2.1/jakarta.activation-api-1.2.1.jar:/home/oliver/.m2/repository/org/junit/jupiter/junit-jupiter/5.5.2/junit-jupiter-5.5.2.jar:/home/oliver/.m2/repository/org/junit/jupiter/junit-jupiter-api/5.5.2/junit-jupiter-api-5.5.2.jar:/home/oliver/.m2/repository/org/opentest4j/opentest4j/1.2.0/opentest4j-1.2.0.jar:/home/oliver/.m2/repository/org/junit/platform/junit-platform-commons/1.5.2/junit-platform-commons-1.5.2.jar:/home/oliver/.m2/repository/org/junit/jupiter/junit-jupiter-params/5.5.2/junit-jupiter-params-5.5.2.jar:/home/oliver/.m2/repository/org/junit/jupiter/junit-jupiter-engine/5.5.2/junit-jupiter-engine-5.5.2.jar:/home/oliver/.m2/repository/org/junit/vintage/junit-vintage-engine/5.5.2/junit-vintage-engine-5.5.2.jar:/home/oliver/.m2/repository/org/junit/platform/junit-platform-engine/1.5.2/junit-platform-engine-1.5.2.jar:/home/oliver/.m2/repository/org/mockito/mockito-junit-jupiter/3.1.0/mockito-junit-jupiter-3.1.0.jar:/home/oliver/.m2/repository/org/assertj/assertj-core/3.13.2/assertj-core-3.13.2.jar:/home/oliver/.m2/repository/org/hamcrest/hamcrest/2.1/hamcrest-2.1.jar:/home/oliver/.m2/repository/org/mockito/mockito-core/3.1.0/mockito-core-3.1.0.jar:/home/oliver/.m2/repository/net/bytebuddy/byte-buddy/1.10.4/byte-buddy-1.10.4.jar:/home/oliver/.m2/repository/net/bytebuddy/byte-buddy-agent/1.10.4/byte-buddy-agent-1.10.4.jar:/home/oliver/.m2/repository/org/objenesis/objenesis/2.6/objenesis-2.6.jar:/home/oliver/.m2/repository/org/skyscreamer/jsonassert/1.5.0/jsonassert-1.5.0.jar:/home/oliver/.m2/repository/com/vaadin/external/google/android-json/0.0.20131108.vaadin1/android-json-0.0.20131108.vaadin1.jar:/home/oliver/.m2/repository/org/springframework/spring-core/5.2.2.RELEASE/spring-core-5.2.2.RELEASE.jar:/home/oliver/.m2/repository/org/springframework/spring-jcl/5.2.2.RELEASE/spring-jcl-5.2.2.RELEASE.jar:/home/oliver/.m2/repository/org/springframework/spring-test/5.2.2.RELEASE/spring-test-5.2.2.RELEASE.jar:/home/oliver/.m2/repository/org/xmlunit/xmlunit-core/2.6.3/xmlunit-core-2.6.3.jar:/home/oliver/.m2/repository/com/konghq/unirest-java/3.4.00/unirest-java-3.4.00.jar:/home/oliver/.m2/repository/org/apache/httpcomponents/httpclient/4.5.10/httpclient-4.5.10.jar:/home/oliver/.m2/repository/org/apache/httpcomponents/httpcore/4.4.12/httpcore-4.4.12.jar:/home/oliver/.m2/repository/commons-codec/commons-codec/1.13/commons-codec-1.13.jar:/home/oliver/.m2/repository/org/apache/httpcomponents/httpmime/4.5.10/httpmime-4.5.10.jar:/home/oliver/.m2/repository/org/apache/httpcomponents/httpcore-nio/4.4.12/httpcore-nio-4.4.12.jar:/home/oliver/.m2/repository/org/apache/httpcomponents/httpasyncclient/4.1.4/httpasyncclient-4.1.4.jar:/home/oliver/.m2/repository/com/google/code/gson/gson/2.8.6/gson-2.8.6.jar:/home/oliver/.m2/repository/io/cucumber/cucumber-java/4.8.0/cucumber-java-4.8.0.jar:/home/oliver/.m2/repository/io/cucumber/cucumber-core/4.8.0/cucumber-core-4.8.0.jar:/home/oliver/.m2/repository/io/cucumber/gherkin/5.1.0/gherkin-5.1.0.jar:/home/oliver/.m2/repository/io/cucumber/tag-expressions/1.1.1/tag-expressions-1.1.1.jar:/home/oliver/.m2/repository/io/cucumber/cucumber-expressions/7.0.2/cucumber-expressions-7.0.2.jar:/home/oliver/.m2/repository/io/cucumber/datatable/1.1.14/datatable-1.1.14.jar:/home/oliver/.m2/repository/io/cucumber/datatable-dependencies/1.1.14/datatable-dependencies-1.1.14.jar:/home/oliver/.m2/repository/org/apiguardian/apiguardian-api/1.1.0/apiguardian-api-1.1.0.jar:/home/oliver/.m2/repository/io/cucumber/cucumber-junit/4.8.0/cucumber-junit-4.8.0.jar:/home/oliver/.m2/repository/junit/junit/4.12/junit-4.12.jar:/home/oliver/.m2/repository/org/hamcrest/hamcrest-core/2.1/hamcrest-core-2.1.jar:/home/oliver/.m2/repository/io/cucumber/cucumber-picocontainer/4.8.0/cucumber-picocontainer-4.8.0.jar:/home/oliver/.m2/repository/org/picocontainer/picocontainer/2.15/picocontainer-2.15.jar:"/>
    <property name="java.vm.vendor" value="Oracle Corporation"/>
    <property name="sun.arch.data.model" value="64"/>
    <property name="java.vendor.url" value="http://java.oracle.com/"/>
    <property name="user.timezone" value=""/>
    <property name="java.vm.specification.version" value="11"/>
    <property name="os.name" value="Linux"/>
    <property name="sun.java.launcher" value="SUN_STANDARD"/>
    <property name="user.country" value="US"/>
    <property name="sun.boot.library.path" value="/usr/lib/jvm/java-11-oracle/lib"/>
    <property name="sun.java.command" value="/home/oliver/IdeaProjects/SystemTests/target/surefire/surefirebooter3479796084725383555.jar /home/oliver/IdeaProjects/SystemTests/target/surefire 2020-01-21T19-18-02_567-jvmRun1 surefire2146412592248051258tmp surefire_03354731133114710575tmp"/>
    <property name="jdk.debug" value="release"/>
    <property name="surefire.test.class.path" value="/home/oliver/IdeaProjects/SystemTests/target/test-classes:/home/oliver/IdeaProjects/SystemTests/target/classes:/home/oliver/.m2/repository/org/springframework/boot/spring-boot-starter-web/2.2.2.RELEASE/spring-boot-starter-web-2.2.2.RELEASE.jar:/home/oliver/.m2/repository/org/springframework/boot/spring-boot-starter/2.2.2.RELEASE/spring-boot-starter-2.2.2.RELEASE.jar:/home/oliver/.m2/repository/org/springframework/boot/spring-boot/2.2.2.RELEASE/spring-boot-2.2.2.RELEASE.jar:/home/oliver/.m2/repository/org/springframework/boot/spring-boot-autoconfigure/2.2.2.RELEASE/spring-boot-autoconfigure-2.2.2.RELEASE.jar:/home/oliver/.m2/repository/org/springframework/boot/spring-boot-starter-logging/2.2.2.RELEASE/spring-boot-starter-logging-2.2.2.RELEASE.jar:/home/oliver/.m2/repository/ch/qos/logback/logback-classic/1.2.3/logback-classic-1.2.3.jar:/home/oliver/.m2/repository/ch/qos/logback/logback-core/1.2.3/logback-core-1.2.3.jar:/home/oliver/.m2/repository/org/apache/logging/log4j/log4j-to-slf4j/2.12.1/log4j-to-slf4j-2.12.1.jar:/home/oliver/.m2/repository/org/apache/logging/log4j/log4j-api/2.12.1/log4j-api-2.12.1.jar:/home/oliver/.m2/repository/org/slf4j/jul-to-slf4j/1.7.29/jul-to-slf4j-1.7.29.jar:/home/oliver/.m2/repository/jakarta/annotation/jakarta.annotation-api/1.3.5/jakarta.annotation-api-1.3.5.jar:/home/oliver/.m2/repository/org/yaml/snakeyaml/1.25/snakeyaml-1.25.jar:/home/oliver/.m2/repository/org/springframework/boot/spring-boot-starter-json/2.2.2.RELEASE/spring-boot-starter-json-2.2.2.RELEASE.jar:/home/oliver/.m2/repository/com/fasterxml/jackson/core/jackson-databind/2.10.1/jackson-databind-2.10.1.jar:/home/oliver/.m2/repository/com/fasterxml/jackson/core/jackson-annotations/2.10.1/jackson-annotations-2.10.1.jar:/home/oliver/.m2/repository/com/fasterxml/jackson/core/jackson-core/2.10.1/jackson-core-2.10.1.jar:/home/oliver/.m2/repository/com/fasterxml/jackson/datatype/jackson-datatype-jdk8/2.10.1/jackson-datatype-jdk8-2.10.1.jar:/home/oliver/.m2/repository/com/fasterxml/jackson/datatype/jackson-datatype-jsr310/2.10.1/jackson-datatype-jsr310-2.10.1.jar:/home/oliver/.m2/repository/com/fasterxml/jackson/module/jackson-module-parameter-names/2.10.1/jackson-module-parameter-names-2.10.1.jar:/home/oliver/.m2/repository/org/springframework/boot/spring-boot-starter-tomcat/2.2.2.RELEASE/spring-boot-starter-tomcat-2.2.2.RELEASE.jar:/home/oliver/.m2/repository/org/apache/tomcat/embed/tomcat-embed-core/9.0.29/tomcat-embed-core-9.0.29.jar:/home/oliver/.m2/repository/org/apache/tomcat/embed/tomcat-embed-el/9.0.29/tomcat-embed-el-9.0.29.jar:/home/oliver/.m2/repository/org/apache/tomcat/embed/tomcat-embed-websocket/9.0.29/tomcat-embed-websocket-9.0.29.jar:/home/oliver/.m2/repository/org/springframework/boot/spring-boot-starter-validation/2.2.2.RELEASE/spring-boot-starter-validation-2.2.2.RELEASE.jar:/home/oliver/.m2/repository/jakarta/validation/jakarta.validation-api/2.0.1/jakarta.validation-api-2.0.1.jar:/home/oliver/.m2/repository/org/hibernate/validator/hibernate-validator/6.0.18.Final/hibernate-validator-6.0.18.Final.jar:/home/oliver/.m2/repository/org/jboss/logging/jboss-logging/3.4.1.Final/jboss-logging-3.4.1.Final.jar:/home/oliver/.m2/repository/com/fasterxml/classmate/1.5.1/classmate-1.5.1.jar:/home/oliver/.m2/repository/org/springframework/spring-web/5.2.2.RELEASE/spring-web-5.2.2.RELEASE.jar:/home/oliver/.m2/repository/org/springframework/spring-beans/5.2.2.RELEASE/spring-beans-5.2.2.RELEASE.jar:/home/oliver/.m2/repository/org/springframework/spring-webmvc/5.2.2.RELEASE/spring-webmvc-5.2.2.RELEASE.jar:/home/oliver/.m2/repository/org/springframework/spring-aop/5.2.2.RELEASE/spring-aop-5.2.2.RELEASE.jar:/home/oliver/.m2/repository/org/springframework/spring-context/5.2.2.RELEASE/spring-context-5.2.2.RELEASE.jar:/home/oliver/.m2/repository/org/springframework/spring-expression/5.2.2.RELEASE/spring-expression-5.2.2.RELEASE.jar:/home/oliver/.m2/repository/org/projectlombok/lombok/1.18.10/lombok-1.18.10.jar:/home/oliver/.m2/repository/org/springframework/boot/spring-boot-starter-test/2.2.2.RELEASE/spring-boot-starter-test-2.2.2.RELEASE.jar:/home/oliver/.m2/repository/org/springframework/boot/spring-boot-test/2.2.2.RELEASE/spring-boot-test-2.2.2.RELEASE.jar:/home/oliver/.m2/repository/org/springframework/boot/spring-boot-test-autoconfigure/2.2.2.RELEASE/spring-boot-test-autoconfigure-2.2.2.RELEASE.jar:/home/oliver/.m2/repository/com/jayway/jsonpath/json-path/2.4.0/json-path-2.4.0.jar:/home/oliver/.m2/repository/net/minidev/json-smart/2.3/json-smart-2.3.jar:/home/oliver/.m2/repository/net/minidev/accessors-smart/1.2/accessors-smart-1.2.jar:/home/oliver/.m2/repository/org/ow2/asm/asm/5.0.4/asm-5.0.4.jar:/home/oliver/.m2/repository/org/slf4j/slf4j-api/1.7.29/slf4j-api-1.7.29.jar:/home/oliver/.m2/repository/jakarta/xml/bind/jakarta.xml.bind-api/2.3.2/jakarta.xml.bind-api-2.3.2.jar:/home/oliver/.m2/repository/jakarta/activation/jakarta.activation-api/1.2.1/jakarta.activation-api-1.2.1.jar:/home/oliver/.m2/repository/org/junit/jupiter/junit-jupiter/5.5.2/junit-jupiter-5.5.2.jar:/home/oliver/.m2/repository/org/junit/jupiter/junit-jupiter-api/5.5.2/junit-jupiter-api-5.5.2.jar:/home/oliver/.m2/repository/org/opentest4j/opentest4j/1.2.0/opentest4j-1.2.0.jar:/home/oliver/.m2/repository/org/junit/platform/junit-platform-commons/1.5.2/junit-platform-commons-1.5.2.jar:/home/oliver/.m2/repository/org/junit/jupiter/junit-jupiter-params/5.5.2/junit-jupiter-params-5.5.2.jar:/home/oliver/.m2/repository/org/junit/jupiter/junit-jupiter-engine/5.5.2/junit-jupiter-engine-5.5.2.jar:/home/oliver/.m2/repository/org/junit/vintage/junit-vintage-engine/5.5.2/junit-vintage-engine-5.5.2.jar:/home/oliver/.m2/repository/org/junit/platform/junit-platform-engine/1.5.2/junit-platform-engine-1.5.2.jar:/home/oliver/.m2/repository/org/mockito/mockito-junit-jupiter/3.1.0/mockito-junit-jupiter-3.1.0.jar:/home/oliver/.m2/repository/org/assertj/assertj-core/3.13.2/assertj-core-3.13.2.jar:/home/oliver/.m2/repository/org/hamcrest/hamcrest/2.1/hamcrest-2.1.jar:/home/oliver/.m2/repository/org/mockito/mockito-core/3.1.0/mockito-core-3.1.0.jar:/home/oliver/.m2/repository/net/bytebuddy/byte-buddy/1.10.4/byte-buddy-1.10.4.jar:/home/oliver/.m2/repository/net/bytebuddy/byte-buddy-agent/1.10.4/byte-buddy-agent-1.10.4.jar:/home/oliver/.m2/repository/org/objenesis/objenesis/2.6/objenesis-2.6.jar:/home/oliver/.m2/repository/org/skyscreamer/jsonassert/1.5.0/jsonassert-1.5.0.jar:/home/oliver/.m2/repository/com/vaadin/external/google/android-json/0.0.20131108.vaadin1/android-json-0.0.20131108.vaadin1.jar:/home/oliver/.m2/repository/org/springframework/spring-core/5.2.2.RELEASE/spring-core-5.2.2.RELEASE.jar:/home/oliver/.m2/repository/org/springframework/spring-jcl/5.2.2.RELEASE/spring-jcl-5.2.2.RELEASE.jar:/home/oliver/.m2/repository/org/springframework/spring-test/5.2.2.RELEASE/spring-test-5.2.2.RELEASE.jar:/home/oliver/.m2/repository/org/xmlunit/xmlunit-core/2.6.3/xmlunit-core-2.6.3.jar:/home/oliver/.m2/repository/com/konghq/unirest-java/3.4.00/unirest-java-3.4.00.jar:/home/oliver/.m2/repository/org/apache/httpcomponents/httpclient/4.5.10/httpclient-4.5.10.jar:/home/oliver/.m2/repository/org/apache/httpcomponents/httpcore/4.4.12/httpcore-4.4.12.jar:/home/oliver/.m2/repository/commons-codec/commons-codec/1.13/commons-codec-1.13.jar:/home/oliver/.m2/repository/org/apache/httpcomponents/httpmime/4.5.10/httpmime-4.5.10.jar:/home/oliver/.m2/repository/org/apache/httpcomponents/httpcore-nio/4.4.12/httpcore-nio-4.4.12.jar:/home/oliver/.m2/repository/org/apache/httpcomponents/httpasyncclient/4.1.4/httpasyncclient-4.1.4.jar:/home/oliver/.m2/repository/com/google/code/gson/gson/2.8.6/gson-2.8.6.jar:/home/oliver/.m2/repository/io/cucumber/cucumber-java/4.8.0/cucumber-java-4.8.0.jar:/home/oliver/.m2/repository/io/cucumber/cucumber-core/4.8.0/cucumber-core-4.8.0.jar:/home/oliver/.m2/repository/io/cucumber/gherkin/5.1.0/gherkin-5.1.0.jar:/home/oliver/.m2/repository/io/cucumber/tag-expressions/1.1.1/tag-expressions-1.1.1.jar:/home/oliver/.m2/repository/io/cucumber/cucumber-expressions/7.0.2/cucumber-expressions-7.0.2.jar:/home/oliver/.m2/repository/io/cucumber/datatable/1.1.14/datatable-1.1.14.jar:/home/oliver/.m2/repository/io/cucumber/datatable-dependencies/1.1.14/datatable-dependencies-1.1.14.jar:/home/oliver/.m2/repository/org/apiguardian/apiguardian-api/1.1.0/apiguardian-api-1.1.0.jar:/home/oliver/.m2/repository/io/cucumber/cucumber-junit/4.8.0/cucumber-junit-4.8.0.jar:/home/oliver/.m2/repository/junit/junit/4.12/junit-4.12.jar:/home/oliver/.m2/repository/org/hamcrest/hamcrest-core/2.1/hamcrest-core-2.1.jar:/home/oliver/.m2/repository/io/cucumber/cucumber-picocontainer/4.8.0/cucumber-picocontainer-4.8.0.jar:/home/oliver/.m2/repository/org/picocontainer/picocontainer/2.15/picocontainer-2.15.jar:"/>
    <property name="sun.cpu.endian" value="little"/>
    <property name="user.home" value="/home/oliver"/>
    <property name="user.language" value="en"/>
    <property name="java.specification.vendor" value="Oracle Corporation"/>
    <property name="java.version.date" value="2019-01-15"/>
    <property name="java.home" value="/usr/lib/jvm/java-11-oracle"/>
    <property name="file.separator" value="/"/>
    <property name="basedir" value="/home/oliver/IdeaProjects/SystemTests"/>
    <property name="java.vm.compressedOopsMode" value="Zero based"/>
    <property name="line.separator" value="&#10;"/>
    <property name="java.specification.name" value="Java Platform API Specification"/>
    <property name="java.vm.specification.vendor" value="Oracle Corporation"/>
    <property name="java.awt.graphicsenv" value="sun.awt.X11GraphicsEnvironment"/>
    <property name="surefire.real.class.path" value="/home/oliver/IdeaProjects/SystemTests/target/surefire/surefirebooter3479796084725383555.jar"/>
    <property name="sun.management.compiler" value="HotSpot 64-Bit Tiered Compilers"/>
    <property name="java.runtime.version" value="11.0.2+9-LTS"/>
    <property name="user.name" value="oliver"/>
    <property name="path.separator" value=":"/>
    <property name="os.version" value="4.15.0-74-generic"/>
    <property name="java.runtime.name" value="Java(TM) SE Runtime Environment"/>
    <property name="file.encoding" value="UTF-8"/>
    <property name="java.vm.name" value="Java HotSpot(TM) 64-Bit Server VM"/>
    <property name="java.vendor.version" value="18.9"/>
    <property name="localRepository" value="/home/oliver/.m2/repository"/>
    <property name="java.vendor.url.bug" value="http://bugreport.java.com/bugreport/"/>
    <property name="java.io.tmpdir" value="/tmp"/>
    <property name="java.version" value="11.0.2"/>
    <property name="user.dir" value="/home/oliver/IdeaProjects/SystemTests"/>
    <property name="os.arch" value="amd64"/>
    <property name="java.vm.specification.name" value="Java Virtual Machine Specification"/>
    <property name="java.awt.printerjob" value="sun.print.PSPrinterJob"/>
    <property name="idea.version2019.3.1" value="true"/>
    <property name="sun.os.patch.level" value="unknown"/>
    <property name="java.library.path" value="/usr/java/packages/lib:/usr/lib64:/lib64:/lib:/usr/lib"/>
    <property name="java.vendor" value="Oracle Corporation"/>
    <property name="java.vm.info" value="mixed mode"/>
    <property name="java.vm.version" value="11.0.2+9-LTS"/>
    <property name="sun.io.unicode.encoding" value="UnicodeLittle"/>
    <property name="java.class.version" value="55.0"/>
  </properties>
  <testcase name="User requests registry" classname="ws18.CucumberTest" time="0.46"/>
  <testcase name="User request tokens" classname="ws18.CucumberTest" time="0.102"/>
  <testcase name="Money transfer" classname="ws18.CucumberTest" time="0">
    <skipped message="TODO: implement me" type="cucumber.api.PendingException">cucumber.api.PendingException: TODO: implement me
</skipped>
    <system-out><![CDATA[19:18:04.113 [main] DEBUG org.apache.http.client.protocol.RequestAddCookies - CookieSpec selected: default
19:18:04.113 [main] DEBUG org.apache.http.client.protocol.RequestAuthCache - Auth cache not set in the context
19:18:04.114 [main] DEBUG org.apache.http.impl.conn.PoolingHttpClientConnectionManager - Connection request: [route: {}->http://fastmoney-18.compute.dtu.dk:8082][total kept alive: 1; route allocated: 1 of 20; total allocated: 1 of 200]
19:18:04.114 [main] DEBUG org.apache.http.impl.conn.PoolingHttpClientConnectionManager - Connection leased: [id: 1][route: {}->http://fastmoney-18.compute.dtu.dk:8082][total kept alive: 0; route allocated: 1 of 20; total allocated: 1 of 200]
19:18:04.114 [main] DEBUG org.apache.http.impl.conn.DefaultManagedHttpClientConnection - http-outgoing-1: set socket timeout to 0
19:18:04.114 [main] DEBUG org.apache.http.impl.conn.DefaultManagedHttpClientConnection - http-outgoing-1: set socket timeout to 60000
19:18:04.114 [main] DEBUG org.apache.http.impl.execchain.MainClientExec - Executing request POST /tokens/test28100962742994398 HTTP/1.1
19:18:04.114 [main] DEBUG org.apache.http.impl.execchain.MainClientExec - Target auth state: UNCHALLENGED
19:18:04.114 [main] DEBUG org.apache.http.impl.execchain.MainClientExec - Proxy auth state: UNCHALLENGED
19:18:04.114 [main] DEBUG org.apache.http.headers - http-outgoing-1 >> POST /tokens/test28100962742994398 HTTP/1.1
19:18:04.114 [main] DEBUG org.apache.http.headers - http-outgoing-1 >> Content-Type: application/json
19:18:04.114 [main] DEBUG org.apache.http.headers - http-outgoing-1 >> user-agent: unirest-java/3.1.00
19:18:04.115 [main] DEBUG org.apache.http.headers - http-outgoing-1 >> accept-encoding: gzip
19:18:04.115 [main] DEBUG org.apache.http.headers - http-outgoing-1 >> Content-Length: 0
19:18:04.115 [main] DEBUG org.apache.http.headers - http-outgoing-1 >> Host: fastmoney-18.compute.dtu.dk:8082
19:18:04.115 [main] DEBUG org.apache.http.headers - http-outgoing-1 >> Connection: Keep-Alive
19:18:04.115 [main] DEBUG org.apache.http.wire - http-outgoing-1 >> "POST /tokens/test28100962742994398 HTTP/1.1[\r][\n]"
19:18:04.115 [main] DEBUG org.apache.http.wire - http-outgoing-1 >> "Content-Type: application/json[\r][\n]"
19:18:04.115 [main] DEBUG org.apache.http.wire - http-outgoing-1 >> "user-agent: unirest-java/3.1.00[\r][\n]"
19:18:04.115 [main] DEBUG org.apache.http.wire - http-outgoing-1 >> "accept-encoding: gzip[\r][\n]"
19:18:04.115 [main] DEBUG org.apache.http.wire - http-outgoing-1 >> "Content-Length: 0[\r][\n]"
19:18:04.115 [main] DEBUG org.apache.http.wire - http-outgoing-1 >> "Host: fastmoney-18.compute.dtu.dk:8082[\r][\n]"
19:18:04.115 [main] DEBUG org.apache.http.wire - http-outgoing-1 >> "Connection: Keep-Alive[\r][\n]"
19:18:04.115 [main] DEBUG org.apache.http.wire - http-outgoing-1 >> "[\r][\n]"
19:18:04.136 [main] DEBUG org.apache.http.wire - http-outgoing-1 << "HTTP/1.1 200 [\r][\n]"
19:18:04.136 [main] DEBUG org.apache.http.wire - http-outgoing-1 << "Content-Type: text/plain;charset=UTF-8[\r][\n]"
19:18:04.136 [main] DEBUG org.apache.http.wire - http-outgoing-1 << "Content-Length: 20[\r][\n]"
19:18:04.136 [main] DEBUG org.apache.http.wire - http-outgoing-1 << "Date: Tue, 21 Jan 2020 18:18:03 GMT[\r][\n]"
19:18:04.136 [main] DEBUG org.apache.http.wire - http-outgoing-1 << "Keep-Alive: timeout=60[\r][\n]"
19:18:04.136 [main] DEBUG org.apache.http.wire - http-outgoing-1 << "Connection: keep-alive[\r][\n]"
19:18:04.136 [main] DEBUG org.apache.http.wire - http-outgoing-1 << "[\r][\n]"
19:18:04.136 [main] DEBUG org.apache.http.wire - http-outgoing-1 << "Tokens is generated."
19:18:04.136 [main] DEBUG org.apache.http.headers - http-outgoing-1 << HTTP/1.1 200 
19:18:04.136 [main] DEBUG org.apache.http.headers - http-outgoing-1 << Content-Type: text/plain;charset=UTF-8
19:18:04.136 [main] DEBUG org.apache.http.headers - http-outgoing-1 << Content-Length: 20
19:18:04.136 [main] DEBUG org.apache.http.headers - http-outgoing-1 << Date: Tue, 21 Jan 2020 18:18:03 GMT
19:18:04.136 [main] DEBUG org.apache.http.headers - http-outgoing-1 << Keep-Alive: timeout=60
19:18:04.136 [main] DEBUG org.apache.http.headers - http-outgoing-1 << Connection: keep-alive
19:18:04.137 [main] DEBUG org.apache.http.impl.execchain.MainClientExec - Connection can be kept alive for 60000 MILLISECONDS
19:18:04.137 [main] DEBUG org.apache.http.impl.conn.PoolingHttpClientConnectionManager - Connection [id: 1][route: {}->http://fastmoney-18.compute.dtu.dk:8082] can be kept alive for 60.0 seconds
19:18:04.137 [main] DEBUG org.apache.http.impl.conn.DefaultManagedHttpClientConnection - http-outgoing-1: set socket timeout to 0
19:18:04.137 [main] DEBUG org.apache.http.impl.conn.PoolingHttpClientConnectionManager - Connection released: [id: 1][route: {}->http://fastmoney-18.compute.dtu.dk:8082][total kept alive: 1; route allocated: 1 of 20; total allocated: 1 of 200]
19:18:04.137 [main] DEBUG org.apache.http.impl.execchain.MainClientExec - Cancelling request execution
]]></system-out>
  </testcase>
  <testcase name="Transaction overview" classname="ws18.CucumberTest" time="0.003">
    <failure message="Multiple Failures (3 failures)&#10;	io.cucumber.junit.UndefinedThrowable: The step &quot;The customer has made at least 1 transaction&quot; is undefined&#10;	io.cucumber.junit.UndefinedThrowable: The step &quot;The customer asks for an overview of his transactions&quot; is undefined&#10;	io.cucumber.junit.UndefinedThrowable: The step &quot;An overview will be shown to the customer&quot; is undefined" type="org.opentest4j.MultipleFailuresError">org.opentest4j.MultipleFailuresError: 
Multiple Failures (3 failures)
	io.cucumber.junit.UndefinedThrowable: The step "The customer has made at least 1 transaction" is undefined
	io.cucumber.junit.UndefinedThrowable: The step "The customer asks for an overview of his transactions" is undefined
	io.cucumber.junit.UndefinedThrowable: The step "An overview will be shown to the customer" is undefined
</failure>
  </testcase>
</testsuite>